<?xml version="1.0" encoding="utf-8"?><testsuites name="pytest tests"><testsuite name="pytest" errors="0" failures="0" skipped="0" tests="30" time="7.247" timestamp="2026-08-14T21:08:04.415141+00:00" hostname="agent-env-c5139fa3-0562-4c4a-b35c-d4a9314dd615"><testcase classname="tests.test_leave_hub.TestAuth" name="test_login_admin" time="0.735" /><testcase classname="tests.test_leave_hub.TestAuth" name="test_login_manager" time="0.510" /><testcase classname="tests.test_leave_hub.TestAuth" name="test_login_employee" time="0.499" /><testcase classname="tests.test_leave_hub.TestAuth" name="test_login_bad_password" time="0.508" /><testcase classname="tests.test_leave_hub.TestAuth" name="test_me_has_department" time="0.757" /><testcase classname="tests.test_leave_hub.TestLeaveRequestFlow" name="test_1_create_pending" time="3.345" /><testcase classname="tests.test_leave_hub.TestLeaveRequestFlow" name="test_2_other_employee_cannot_read" time="0.080" /><testcase classname="tests.test_leave_hub.TestLeaveRequestFlow" name="test_3_insufficient_balance" time="0.232" /><testcase classname="tests.test_leave_hub.TestLeaveRequestFlow" name="test_4_draft_then_submit" time="0.896" /><testcase classname="tests.test_leave_hub.TestLeaveRequestFlow" name="test_5_manager_sees_department" time="0.292" /><testcase classname="tests.test_leave_hub.TestAdminCRUD" name="test_duplicate_email" time="1.902" /><testcase classname="tests.test_leave_hub.TestLeaveRequestFlow" name="test_6_manager_reject_without_comment" time="0.079" /><testcase classname="tests.test_leave_hub.TestAdminCRUD" name="test_duplicate_leave_type_code" time="0.072" /><testcase classname="tests.test_leave_hub.TestLeaveRequestFlow" name="test_7_cross_dept_manager_cannot_approve" time="0.094" /><testcase classname="tests.test_leave_hub.TestAdminCRUD" name="test_delete_dept_with_users" time="0.192" /><testcase classname="tests.test_leave_hub.TestLeaveRequestFlow" name="test_8_manager_approve_balance_decreases" time="0.461" /><testcase classname="tests.test_leave_hub.TestAdminCRUD" name="test_user_crud_cycle" time="0.520" /><testcase classname="tests.test_leave_hub.TestLeaveRequestFlow" name="test_9_cancel_approved_forbidden" time="0.119" /><testcase classname="tests.test_leave_hub.TestLeaveRequestFlow" name="test_10_cancel_pending_ok" time="0.080" /><testcase classname="tests.test_leave_hub.TestLeaveRequestFlow" name="test_11_pdf_only_approved" time="0.167" /><testcase classname="tests.test_leave_hub.TestDashboard" name="test_user_dashboard" time="0.113" /><testcase classname="tests.test_leave_hub.TestDashboard" name="test_manager_dashboard" time="0.121" /><testcase classname="tests.test_leave_hub.TestLeaveRequestFlow" name="test_12_admin_delete_refund" time="0.292" /><testcase classname="tests.test_leave_hub.TestDashboard" name="test_admin_dashboard" time="0.074" /><testcase classname="tests.test_leave_hub.TestWorkingDaysPreview" name="test_preview" time="0.124" /><testcase classname="tests.test_leave_hub.TestWorkingDaysPreview" name="test_preview_with_holiday" time="0.077" /><testcase classname="tests.test_leave_hub.TestLeaveRequestFlow" name="test_13_admin_scope_all" time="0.124" /><testcase classname="tests.test_leave_hub.TestCalendar" name="test_calendar_user" time="0.073" /><testcase classname="tests.test_leave_hub.TestAttachment" name="test_cm_requires_attachment" time="0.078" /><testcase classname="tests.test_leave_hub.TestAttachment" name="test_cm_with_attachment" time="0.348" /></testsuite></testsuites>